Using pre-set license
Built from '2021.3/staging' branch; Version is '2021.3.0f1 (6eacc8284459) revision 7253192'; Using compiler version '192829333'; Build Type 'Release'
OS: 'Windows 10  (10.0.19045) 64bit Core' Language: 'pt' Physical Memory: 16224 MB
BatchMode: 1, IsHumanControllingUs: 0, StartBugReporterOnCrash: 0, Is64bit: 1, IsPro: 1

COMMAND LINE ARGUMENTS:
C:\Program Files\Unity\Hub\Editor\2021.3.0f1-x86_64\Editor\Unity.exe
-adb2
-batchMode
-noUpm
-name
AssetImportWorker1
-projectPath
C:/Users/Giovanna/Card-Battler
-logFile
Logs/AssetImportWorker1.log
-srvPort
62961
Successfully changed project path to: C:/Users/Giovanna/Card-Battler
C:/Users/Giovanna/Card-Battler
[UnityMemory] Configuration Parameters - Can be set up in boot.config
    "memorysetup-bucket-allocator-granularity=16"
    "memorysetup-bucket-allocator-bucket-count=8"
    "memorysetup-bucket-allocator-block-size=33554432"
    "memorysetup-bucket-allocator-block-count=8"
    "memorysetup-main-allocator-block-size=16777216"
    "memorysetup-thread-allocator-block-size=16777216"
    "memorysetup-gfx-main-allocator-block-size=16777216"
    "memorysetup-gfx-thread-allocator-block-size=16777216"
    "memorysetup-cache-allocator-block-size=4194304"
    "memorysetup-typetree-allocator-block-size=2097152"
    "memorysetup-profiler-bucket-allocator-granularity=16"
    "memorysetup-profiler-bucket-allocator-bucket-count=8"
    "memorysetup-profiler-bucket-allocator-block-size=33554432"
    "memorysetup-profiler-bucket-allocator-block-count=8"
    "memorysetup-profiler-allocator-block-size=16777216"
    "memorysetup-profiler-editor-allocator-block-size=1048576"
    "memorysetup-temp-allocator-size-main=16777216"
    "memorysetup-job-temp-allocator-block-size=2097152"
    "memorysetup-job-temp-allocator-block-size-background=1048576"
    "memorysetup-job-temp-allocator-reduction-small-platforms=262144"
    "memorysetup-temp-allocator-size-background-worker=32768"
    "memorysetup-temp-allocator-size-job-worker=262144"
    "memorysetup-temp-allocator-size-preload-manager=33554432"
    "memorysetup-temp-allocator-size-nav-mesh-worker=65536"
    "memorysetup-temp-allocator-size-audio-worker=65536"
    "memorysetup-temp-allocator-size-cloud-worker=32768"
    "memorysetup-temp-allocator-size-gi-baking-worker=262144"
    "memorysetup-temp-allocator-size-gfx=262144"
Refreshing native plugins compatible for Editor in 84.70 ms, found 2 plugins.
Preloading 0 native plugins for Editor in 0.00 ms.
Initialize engine version: 2021.3.0f1 (6eacc8284459)
[Subsystems] Discovering subsystems at path C:/Program Files/Unity/Hub/Editor/2021.3.0f1-x86_64/Editor/Data/Resources/UnitySubsystems
[Subsystems] Discovering subsystems at path C:/Users/Giovanna/Card-Battler/Assets
GfxDevice: creating device client; threaded=0; jobified=0
Direct3D:
    Version:  Direct3D 11.0 [level 11.1]
    Renderer: AMD Radeon RX 580 2048SP (ID=0x6fdf)
    Vendor:   ATI
    VRAM:     8170 MB
    Driver:   31.0.21912.14
Initialize mono
Mono path[0] = 'C:/Program Files/Unity/Hub/Editor/2021.3.0f1-x86_64/Editor/Data/Managed'
Mono path[1] = 'C:/Program Files/Unity/Hub/Editor/2021.3.0f1-x86_64/Editor/Data/MonoBleedingEdge/lib/mono/unityjit-win32'
Mono config path = 'C:/Program Files/Unity/Hub/Editor/2021.3.0f1-x86_64/Editor/Data/MonoBleedingEdge/etc'
Using monoOptions --debugger-agent=transport=dt_socket,embedding=1,server=y,suspend=n,address=127.0.0.1:56488
Begin MonoManager ReloadAssembly
Registering precompiled unity dll's ...
Register platform support module: C:/Program Files/Unity/Hub/Editor/2021.3.0f1-x86_64/Editor/Data/PlaybackEngines/WindowsStandaloneSupport/UnityEditor.WindowsStandalone.Extensions.dll
Registered in 0.030207 seconds.
Native extension for WindowsStandalone target not found
Refreshing native plugins compatible for Editor in 72.43 ms, found 2 plugins.
Preloading 0 native plugins for Editor in 0.00 ms.
Mono: successfully reloaded assembly
- Completed reload, in  1.017 seconds
Domain Reload Profiling:
	ReloadAssembly (1018ms)
		BeginReloadAssembly (167ms)
			ExecutionOrderSort (0ms)
			DisableScriptedObjects (0ms)
			BackupInstance (0ms)
			ReleaseScriptingObjects (0ms)
			CreateAndSetChildDomain (1ms)
		EndReloadAssembly (631ms)
			LoadAssemblies (159ms)
			RebuildTransferFunctionScriptingTraits (0ms)
			SetupTypeCache (138ms)
			ReleaseScriptCaches (0ms)
			RebuildScriptCaches (50ms)
			SetupLoadedEditorAssemblies (338ms)
				LogAssemblyErrors (0ms)
				InitializePlatformSupportModulesInManaged (19ms)
				SetLoadedEditorAssemblies (0ms)
				RefreshPlugins (73ms)
				BeforeProcessingInitializeOnLoad (2ms)
				ProcessInitializeOnLoadAttributes (154ms)
				ProcessInitializeOnLoadMethodAttributes (89ms)
				AfterProcessingInitializeOnLoad (0ms)
				EditorAssembliesLoaded (0ms)
			ExecutionOrderSort2 (0ms)
			AwakeInstancesAfterBackupRestoration (0ms)
Platform modules already initialized, skipping
Registering precompiled user dll's ...
Registered in 0.033965 seconds.
Begin MonoManager ReloadAssembly
Symbol file LoadedFromMemory is not a mono symbol file
Native extension for WindowsStandalone target not found
Refreshing native plugins compatible for Editor in 93.13 ms, found 2 plugins.
Preloading 0 native plugins for Editor in 0.00 ms.
Mono: successfully reloaded assembly
- Completed reload, in  1.863 seconds
Domain Reload Profiling:
	ReloadAssembly (1864ms)
		BeginReloadAssembly (210ms)
			ExecutionOrderSort (0ms)
			DisableScriptedObjects (8ms)
			BackupInstance (0ms)
			ReleaseScriptingObjects (0ms)
			CreateAndSetChildDomain (36ms)
		EndReloadAssembly (1436ms)
			LoadAssemblies (313ms)
			RebuildTransferFunctionScriptingTraits (0ms)
			SetupTypeCache (303ms)
			ReleaseScriptCaches (1ms)
			RebuildScriptCaches (73ms)
			SetupLoadedEditorAssemblies (697ms)
				LogAssemblyErrors (0ms)
				InitializePlatformSupportModulesInManaged (12ms)
				SetLoadedEditorAssemblies (0ms)
				RefreshPlugins (93ms)
				BeforeProcessingInitializeOnLoad (154ms)
				ProcessInitializeOnLoadAttributes (293ms)
				ProcessInitializeOnLoadMethodAttributes (114ms)
				AfterProcessingInitializeOnLoad (30ms)
				EditorAssembliesLoaded (0ms)
			ExecutionOrderSort2 (0ms)
			AwakeInstancesAfterBackupRestoration (12ms)
Platform modules already initialized, skipping
========================================================================
Worker process is ready to serve import requests
Launched and connected shader compiler UnityShaderCompiler.exe after 0.19 seconds
Refreshing native plugins compatible for Editor in 0.87 ms, found 2 plugins.
Preloading 0 native plugins for Editor in 0.00 ms.
Unloading 3337 Unused Serialized files (Serialized files now loaded: 0)
Unloading 25 unused Assets / (0.7 MB). Loaded Objects now: 3795.
Memory consumption went from 155.4 MB to 154.7 MB.
Total: 4.807900 ms (FindLiveObjects: 0.432300 ms CreateObjectMapping: 0.200100 ms MarkObjects: 3.764100 ms  DeleteObjects: 0.410200 ms)

AssetImportParameters requested are different than current active one (requested -> active):
  custom:video-decoder-ogg-theora: a1e56fd34408186e4bbccfd4996cb3dc -> 
  custom:container-muxer-webm: aa71ff27fc2769a1b78a27578f13a17b -> 
  custom:container-demuxer-webm: 4f35f7cbe854078d1ac9338744f61a02 -> 
  custom:video-encoder-webm-vp8: eb34c28f22e8b96e1ab97ce403110664 -> 
  custom:audio-encoder-webm-vorbis: bf7c407c2cedff20999df2af8eb42d56 -> 
  custom:framework-win-MediaFoundation: 216162199b28c13a410421893ffa2e32 -> 
  custom:container-demuxer-ogg: 62fdf1f143b41e24485cea50d1cbac27 -> 
  custom:video-decoder-webm-vp8: 9c59270c3fd7afecdb556c50c9e8de78 -> 
  custom:audio-decoder-ogg-vorbis: bf7c407c2cedff20999df2af8eb42d56 -> 
========================================================================
Received Import Request.
  Time since last request: 799845.175942 seconds.
  path: Assets/UniversalRenderPipelineGlobalSettings.asset
  artifactKey: Guid(18dc0cd2c080841dea60987a38ce93fa) Importer(815301076,1909f56bfc062723c751e8b465ee728b)
Start importing Assets/UniversalRenderPipelineGlobalSettings.asset using Guid(18dc0cd2c080841dea60987a38ce93fa) Importer(815301076,1909f56bfc062723c751e8b465ee728b)  -> (artifact id: '92801cae1a897d946050a0dfa8d20fcb') in 0.071216 seconds 
========================================================================
Received Prepare
Registering precompiled user dll's ...
Registered in 0.015130 seconds.
Begin MonoManager ReloadAssembly
Symbol file LoadedFromMemory is not a mono symbol file
Native extension for WindowsStandalone target not found
Refreshing native plugins compatible for Editor in 0.77 ms, found 2 plugins.
Preloading 0 native plugins for Editor in 0.00 ms.
Mono: successfully reloaded assembly
- Completed reload, in  1.686 seconds
Domain Reload Profiling:
	ReloadAssembly (1687ms)
		BeginReloadAssembly (248ms)
			ExecutionOrderSort (0ms)
			DisableScriptedObjects (8ms)
			BackupInstance (0ms)
			ReleaseScriptingObjects (0ms)
			CreateAndSetChildDomain (70ms)
		EndReloadAssembly (1267ms)
			LoadAssemblies (285ms)
			RebuildTransferFunctionScriptingTraits (0ms)
			SetupTypeCache (285ms)
			ReleaseScriptCaches (2ms)
			RebuildScriptCaches (54ms)
			SetupLoadedEditorAssemblies (603ms)
				LogAssemblyErrors (0ms)
				InitializePlatformSupportModulesInManaged (22ms)
				SetLoadedEditorAssemblies (1ms)
				RefreshPlugins (1ms)
				BeforeProcessingInitializeOnLoad (151ms)
				ProcessInitializeOnLoadAttributes (291ms)
				ProcessInitializeOnLoadMethodAttributes (107ms)
				AfterProcessingInitializeOnLoad (31ms)
				EditorAssembliesLoaded (0ms)
			ExecutionOrderSort2 (0ms)
			AwakeInstancesAfterBackupRestoration (23ms)
Platform modules already initialized, skipping
Refreshing native plugins compatible for Editor in 2.96 ms, found 2 plugins.
Preloading 0 native plugins for Editor in 0.00 ms.
Unloading 3201 Unused Serialized files (Serialized files now loaded: 0)
Unloading 19 unused Assets / (0.7 MB). Loaded Objects now: 3798.
Memory consumption went from 145.7 MB to 145.0 MB.
Total: 4.345400 ms (FindLiveObjects: 0.340600 ms CreateObjectMapping: 0.137400 ms MarkObjects: 3.468800 ms  DeleteObjects: 0.396800 ms)

AssetImportParameters requested are different than current active one (requested -> active):
  custom:video-decoder-ogg-theora: a1e56fd34408186e4bbccfd4996cb3dc -> 
  custom:container-muxer-webm: aa71ff27fc2769a1b78a27578f13a17b -> 
  custom:container-demuxer-webm: 4f35f7cbe854078d1ac9338744f61a02 -> 
  custom:video-encoder-webm-vp8: eb34c28f22e8b96e1ab97ce403110664 -> 
  custom:audio-encoder-webm-vorbis: bf7c407c2cedff20999df2af8eb42d56 -> 
  custom:framework-win-MediaFoundation: 216162199b28c13a410421893ffa2e32 -> 
  custom:container-demuxer-ogg: 62fdf1f143b41e24485cea50d1cbac27 -> 
  custom:video-decoder-webm-vp8: 9c59270c3fd7afecdb556c50c9e8de78 -> 
  custom:audio-decoder-ogg-vorbis: bf7c407c2cedff20999df2af8eb42d56 -> 
========================================================================
Received Import Request.
  Time since last request: 668.120906 seconds.
  path: Assets/Cards/Test Card 2.asset
  artifactKey: Guid(8fa5746e1ed55994d9298acfd7140f64) Importer(815301076,1909f56bfc062723c751e8b465ee728b)
Start importing Assets/Cards/Test Card 2.asset using Guid(8fa5746e1ed55994d9298acfd7140f64) Importer(815301076,1909f56bfc062723c751e8b465ee728b)  -> (artifact id: '4032f004571bb72336d53a09d25cd2fc') in 0.024395 seconds 
========================================================================
Received Import Request.
  Time since last request: 0.000025 seconds.
  path: Assets/Cards/Test Card 3.asset
  artifactKey: Guid(5603ca9f2ed96b746a04ffbf32060118) Importer(815301076,1909f56bfc062723c751e8b465ee728b)
Start importing Assets/Cards/Test Card 3.asset using Guid(5603ca9f2ed96b746a04ffbf32060118) Importer(815301076,1909f56bfc062723c751e8b465ee728b)  -> (artifact id: 'a26f7d598537e8a222200be4b441b98d') in 0.006843 seconds 
========================================================================
Received Import Request.
  Time since last request: 9.187886 seconds.
  path: Assets/Prefabs/Audio Manager.prefab
  artifactKey: Guid(e2ae64314726b744eb76d8a37b407e38) Importer(815301076,1909f56bfc062723c751e8b465ee728b)
Start importing Assets/Prefabs/Audio Manager.prefab using Guid(e2ae64314726b744eb76d8a37b407e38) Importer(815301076,1909f56bfc062723c751e8b465ee728b)  -> (artifact id: '120c83198013324b47cc34eea327dff8') in 0.036330 seconds 
========================================================================
Received Import Request.
  Time since last request: 0.000030 seconds.
  path: Assets/Prefabs/Enemy Card Variant.prefab
  artifactKey: Guid(f9c1de2d67101614c8c0c0b71a03913e) Importer(815301076,1909f56bfc062723c751e8b465ee728b)
Start importing Assets/Prefabs/Enemy Card Variant.prefab using Guid(f9c1de2d67101614c8c0c0b71a03913e) Importer(815301076,1909f56bfc062723c751e8b465ee728b)  -> (artifact id: '018218be351635ecbfb13c1ea9b1d024') in 3.436462 seconds 
========================================================================
Received Import Request.
  Time since last request: 137.419175 seconds.
  path: Assets/Materials/Desktop Green.mat
  artifactKey: Guid(1fc837b9052bb80408b9e10fae0f743a) Importer(815301076,1909f56bfc062723c751e8b465ee728b)
Start importing Assets/Materials/Desktop Green.mat using Guid(1fc837b9052bb80408b9e10fae0f743a) Importer(815301076,1909f56bfc062723c751e8b465ee728b)  -> (artifact id: 'bb2c7d434a174e0b40e303c3f5d21328') in 0.121419 seconds 
========================================================================
Received Import Request.
  Time since last request: 5.736519 seconds.
  path: Assets/_Udemy Card Battler Assets/Art/UI/blue_button08.png
  artifactKey: Guid(c177e50223926644aa24a80bfdd67be5) Importer(815301076,1909f56bfc062723c751e8b465ee728b)
Start importing Assets/_Udemy Card Battler Assets/Art/UI/blue_button08.png using Guid(c177e50223926644aa24a80bfdd67be5) Importer(815301076,1909f56bfc062723c751e8b465ee728b)  -> (artifact id: 'f37e190eb1b3e59cd19d07335ab4e7b8') in 0.613566 seconds 
========================================================================
Received Import Request.
  Time since last request: 0.000049 seconds.
  path: Assets/_Udemy Card Battler Assets/Art/UI/yellow_button06.png
  artifactKey: Guid(6b7116ea8b4ce424b8c6dfaca8eeeb54) Importer(815301076,1909f56bfc062723c751e8b465ee728b)
Start importing Assets/_Udemy Card Battler Assets/Art/UI/yellow_button06.png using Guid(6b7116ea8b4ce424b8c6dfaca8eeeb54) Importer(815301076,1909f56bfc062723c751e8b465ee728b)  -> (artifact id: '23e746714dab3e3ca50b82ef28a46f57') in 0.316813 seconds 
========================================================================
Received Import Request.
  Time since last request: 0.000039 seconds.
  path: Assets/_Udemy Card Battler Assets/Art/UI/red_button03.png
  artifactKey: Guid(7c7df0cd372459a41ac6a31b0de4f27d) Importer(815301076,1909f56bfc062723c751e8b465ee728b)
Start importing Assets/_Udemy Card Battler Assets/Art/UI/red_button03.png using Guid(7c7df0cd372459a41ac6a31b0de4f27d) Importer(815301076,1909f56bfc062723c751e8b465ee728b)  -> (artifact id: '5064d7e3954fec3674ffbe4a83f43620') in 0.559874 seconds 
========================================================================
Received Import Request.
  Time since last request: 0.000033 seconds.
  path: Assets/_Udemy Card Battler Assets/Art/UI/green_button08.png
  artifactKey: Guid(eb02686bcf0d4ec41ad068899e733ef8) Importer(815301076,1909f56bfc062723c751e8b465ee728b)
Start importing Assets/_Udemy Card Battler Assets/Art/UI/green_button08.png using Guid(eb02686bcf0d4ec41ad068899e733ef8) Importer(815301076,1909f56bfc062723c751e8b465ee728b)  -> (artifact id: '57c91d69efc8eb4bc7dd940cd5f34084') in 0.547556 seconds 
========================================================================
Received Import Request.
  Time since last request: 4.419503 seconds.
  path: Assets/_Udemy Card Battler Assets/Card Model/Card_Back.mat
  artifactKey: Guid(0b1af1fbf0ed58e4ab108153bd55c0da) Importer(815301076,1909f56bfc062723c751e8b465ee728b)
Start importing Assets/_Udemy Card Battler Assets/Card Model/Card_Back.mat using Guid(0b1af1fbf0ed58e4ab108153bd55c0da) Importer(815301076,1909f56bfc062723c751e8b465ee728b)  -> (artifact id: '58a2f12a7d1219ad712169c7684bc879') in 0.028536 seconds 
========================================================================
Received Import Request.
  Time since last request: 0.000030 seconds.
  path: Assets/_Udemy Card Battler Assets/Card Model/Card_Back.png
  artifactKey: Guid(c52afdb1a99045c43b6697fc695450c1) Importer(815301076,1909f56bfc062723c751e8b465ee728b)
Start importing Assets/_Udemy Card Battler Assets/Card Model/Card_Back.png using Guid(c52afdb1a99045c43b6697fc695450c1) Importer(815301076,1909f56bfc062723c751e8b465ee728b)  -> (artifact id: 'c582c11c97cbd99d6896db980f13a2d1') in 0.015672 seconds 
========================================================================
Received Import Request.
  Time since last request: 0.000026 seconds.
  path: Assets/_Udemy Card Battler Assets/Card Model/Card_Back_Mask.png
  artifactKey: Guid(0ec0746f9b495904099145288b5394c8) Importer(815301076,1909f56bfc062723c751e8b465ee728b)
Start importing Assets/_Udemy Card Battler Assets/Card Model/Card_Back_Mask.png using Guid(0ec0746f9b495904099145288b5394c8) Importer(815301076,1909f56bfc062723c751e8b465ee728b)  -> (artifact id: 'f5685e99073d5b6cf529e35a9de27d98') in 0.016598 seconds 
========================================================================
Received Import Request.
  Time since last request: 0.000026 seconds.
  path: Assets/_Udemy Card Battler Assets/Card Model/Card_Front.mat
  artifactKey: Guid(a5f0f55354e58fb498b6f0beaed8e485) Importer(815301076,1909f56bfc062723c751e8b465ee728b)
Start importing Assets/_Udemy Card Battler Assets/Card Model/Card_Front.mat using Guid(a5f0f55354e58fb498b6f0beaed8e485) Importer(815301076,1909f56bfc062723c751e8b465ee728b)  -> (artifact id: 'ed1ac1beedec88713b16e09de1721d61') in 0.025968 seconds 
========================================================================
Received Import Request.
  Time since last request: 0.000023 seconds.
  path: Assets/_Udemy Card Battler Assets/Card Model/Holographic_Texture.png
  artifactKey: Guid(42905753c2198c74a9f3af84aee52602) Importer(815301076,1909f56bfc062723c751e8b465ee728b)
Start importing Assets/_Udemy Card Battler Assets/Card Model/Holographic_Texture.png using Guid(42905753c2198c74a9f3af84aee52602) Importer(815301076,1909f56bfc062723c751e8b465ee728b)  -> (artifact id: '45c6d3faa8c617736115bce8236f14fd') in 0.015039 seconds 
========================================================================
Received Import Request.
  Time since last request: 0.000036 seconds.
  path: Assets/_Udemy Card Battler Assets/Card Model/Card_Front.png
  artifactKey: Guid(0e11e39e33ffa694a95130dda904bd9c) Importer(815301076,1909f56bfc062723c751e8b465ee728b)
Start importing Assets/_Udemy Card Battler Assets/Card Model/Card_Front.png using Guid(0e11e39e33ffa694a95130dda904bd9c) Importer(815301076,1909f56bfc062723c751e8b465ee728b)  -> (artifact id: 'b8eff33c4e96e63d61d348c3b11b2c85') in 0.056839 seconds 
========================================================================
Received Import Request.
  Time since last request: 0.000034 seconds.
  path: Assets/_Udemy Card Battler Assets/Card Model/Card_Front_Mask.png
  artifactKey: Guid(a7466cbd11615ca4b860fb057cf80646) Importer(815301076,1909f56bfc062723c751e8b465ee728b)
Start importing Assets/_Udemy Card Battler Assets/Card Model/Card_Front_Mask.png using Guid(a7466cbd11615ca4b860fb057cf80646) Importer(815301076,1909f56bfc062723c751e8b465ee728b)  -> (artifact id: '3e84d387bdd3148b24b63963fb26cae3') in 0.049503 seconds 
Editor requested this worker to shutdown with reason: Scaling down because of idle timeout
AssetImportWorker is now disconnected from the server
Process exiting
Exiting without the bug reporter. Application will terminate with return code 0