Using pre-set license
Built from '2021.3/staging' branch; Version is '2021.3.0f1 (6eacc8284459) revision 7253192'; Using compiler version '192829333'; Build Type 'Release'
OS: 'Windows 10  (10.0.19045) 64bit Core' Language: 'pt' Physical Memory: 16224 MB
BatchMode: 1, IsHumanControllingUs: 0, StartBugReporterOnCrash: 0, Is64bit: 1, IsPro: 1

COMMAND LINE ARGUMENTS:
C:\Program Files\Unity\Hub\Editor\2021.3.0f1-x86_64\Editor\Unity.exe
-adb2
-batchMode
-noUpm
-name
AssetImportWorker9
-projectPath
C:/Users/Giovanna/Card-Battler
-logFile
Logs/AssetImportWorker9.log
-srvPort
62961
Successfully changed project path to: C:/Users/Giovanna/Card-Battler
C:/Users/Giovanna/Card-Battler
[UnityMemory] Configuration Parameters - Can be set up in boot.config
    "memorysetup-bucket-allocator-granularity=16"
    "memorysetup-bucket-allocator-bucket-count=8"
    "memorysetup-bucket-allocator-block-size=33554432"
    "memorysetup-bucket-allocator-block-count=8"
    "memorysetup-main-allocator-block-size=16777216"
    "memorysetup-thread-allocator-block-size=16777216"
    "memorysetup-gfx-main-allocator-block-size=16777216"
    "memorysetup-gfx-thread-allocator-block-size=16777216"
    "memorysetup-cache-allocator-block-size=4194304"
    "memorysetup-typetree-allocator-block-size=2097152"
    "memorysetup-profiler-bucket-allocator-granularity=16"
    "memorysetup-profiler-bucket-allocator-bucket-count=8"
    "memorysetup-profiler-bucket-allocator-block-size=33554432"
    "memorysetup-profiler-bucket-allocator-block-count=8"
    "memorysetup-profiler-allocator-block-size=16777216"
    "memorysetup-profiler-editor-allocator-block-size=1048576"
    "memorysetup-temp-allocator-size-main=16777216"
    "memorysetup-job-temp-allocator-block-size=2097152"
    "memorysetup-job-temp-allocator-block-size-background=1048576"
    "memorysetup-job-temp-allocator-reduction-small-platforms=262144"
    "memorysetup-temp-allocator-size-background-worker=32768"
    "memorysetup-temp-allocator-size-job-worker=262144"
    "memorysetup-temp-allocator-size-preload-manager=33554432"
    "memorysetup-temp-allocator-size-nav-mesh-worker=65536"
    "memorysetup-temp-allocator-size-audio-worker=65536"
    "memorysetup-temp-allocator-size-cloud-worker=32768"
    "memorysetup-temp-allocator-size-gi-baking-worker=262144"
    "memorysetup-temp-allocator-size-gfx=262144"
Refreshing native plugins compatible for Editor in 69.87 ms, found 2 plugins.
Preloading 0 native plugins for Editor in 0.00 ms.
Initialize engine version: 2021.3.0f1 (6eacc8284459)
[Subsystems] Discovering subsystems at path C:/Program Files/Unity/Hub/Editor/2021.3.0f1-x86_64/Editor/Data/Resources/UnitySubsystems
[Subsystems] Discovering subsystems at path C:/Users/Giovanna/Card-Battler/Assets
GfxDevice: creating device client; threaded=0; jobified=0
Direct3D:
    Version:  Direct3D 11.0 [level 11.1]
    Renderer: AMD Radeon RX 580 2048SP (ID=0x6fdf)
    Vendor:   ATI
    VRAM:     8170 MB
    Driver:   31.0.21912.14
Initialize mono
Mono path[0] = 'C:/Program Files/Unity/Hub/Editor/2021.3.0f1-x86_64/Editor/Data/Managed'
Mono path[1] = 'C:/Program Files/Unity/Hub/Editor/2021.3.0f1-x86_64/Editor/Data/MonoBleedingEdge/lib/mono/unityjit-win32'
Mono config path = 'C:/Program Files/Unity/Hub/Editor/2021.3.0f1-x86_64/Editor/Data/MonoBleedingEdge/etc'
Using monoOptions --debugger-agent=transport=dt_socket,embedding=1,server=y,suspend=n,address=127.0.0.1:56840
Begin MonoManager ReloadAssembly
Registering precompiled unity dll's ...
Register platform support module: C:/Program Files/Unity/Hub/Editor/2021.3.0f1-x86_64/Editor/Data/PlaybackEngines/WindowsStandaloneSupport/UnityEditor.WindowsStandalone.Extensions.dll
Registered in 0.029296 seconds.
Native extension for WindowsStandalone target not found
Refreshing native plugins compatible for Editor in 83.64 ms, found 2 plugins.
Preloading 0 native plugins for Editor in 0.00 ms.
Mono: successfully reloaded assembly
- Completed reload, in  0.995 seconds
Domain Reload Profiling:
	ReloadAssembly (996ms)
		BeginReloadAssembly (159ms)
			ExecutionOrderSort (0ms)
			DisableScriptedObjects (0ms)
			BackupInstance (0ms)
			ReleaseScriptingObjects (0ms)
			CreateAndSetChildDomain (1ms)
		EndReloadAssembly (621ms)
			LoadAssemblies (143ms)
			RebuildTransferFunctionScriptingTraits (0ms)
			SetupTypeCache (143ms)
			ReleaseScriptCaches (0ms)
			RebuildScriptCaches (54ms)
			SetupLoadedEditorAssemblies (336ms)
				LogAssemblyErrors (0ms)
				InitializePlatformSupportModulesInManaged (16ms)
				SetLoadedEditorAssemblies (0ms)
				RefreshPlugins (84ms)
				BeforeProcessingInitializeOnLoad (2ms)
				ProcessInitializeOnLoadAttributes (168ms)
				ProcessInitializeOnLoadMethodAttributes (66ms)
				AfterProcessingInitializeOnLoad (0ms)
				EditorAssembliesLoaded (0ms)
			ExecutionOrderSort2 (0ms)
			AwakeInstancesAfterBackupRestoration (0ms)
Platform modules already initialized, skipping
Registering precompiled user dll's ...
Registered in 0.018358 seconds.
Begin MonoManager ReloadAssembly
Symbol file LoadedFromMemory is not a mono symbol file
Native extension for WindowsStandalone target not found
Refreshing native plugins compatible for Editor in 71.48 ms, found 2 plugins.
Preloading 0 native plugins for Editor in 0.00 ms.
Mono: successfully reloaded assembly
- Completed reload, in  1.620 seconds
Domain Reload Profiling:
	ReloadAssembly (1621ms)
		BeginReloadAssembly (206ms)
			ExecutionOrderSort (0ms)
			DisableScriptedObjects (8ms)
			BackupInstance (0ms)
			ReleaseScriptingObjects (0ms)
			CreateAndSetChildDomain (32ms)
		EndReloadAssembly (1221ms)
			LoadAssemblies (196ms)
			RebuildTransferFunctionScriptingTraits (0ms)
			SetupTypeCache (285ms)
			ReleaseScriptCaches (1ms)
			RebuildScriptCaches (65ms)
			SetupLoadedEditorAssemblies (651ms)
				LogAssemblyErrors (0ms)
				InitializePlatformSupportModulesInManaged (11ms)
				SetLoadedEditorAssemblies (0ms)
				RefreshPlugins (72ms)
				BeforeProcessingInitializeOnLoad (149ms)
				ProcessInitializeOnLoadAttributes (277ms)
				ProcessInitializeOnLoadMethodAttributes (111ms)
				AfterProcessingInitializeOnLoad (31ms)
				EditorAssembliesLoaded (0ms)
			ExecutionOrderSort2 (0ms)
			AwakeInstancesAfterBackupRestoration (12ms)
Platform modules already initialized, skipping
========================================================================
Worker process is ready to serve import requests
Launched and connected shader compiler UnityShaderCompiler.exe after 0.12 seconds
Refreshing native plugins compatible for Editor in 0.84 ms, found 2 plugins.
Preloading 0 native plugins for Editor in 0.00 ms.
Unloading 3338 Unused Serialized files (Serialized files now loaded: 0)
Unloading 25 unused Assets / (0.7 MB). Loaded Objects now: 3798.
Memory consumption went from 156.2 MB to 155.5 MB.
Total: 4.523600 ms (FindLiveObjects: 0.416300 ms CreateObjectMapping: 0.194200 ms MarkObjects: 3.499600 ms  DeleteObjects: 0.412000 ms)

AssetImportParameters requested are different than current active one (requested -> active):
  custom:video-decoder-ogg-theora: a1e56fd34408186e4bbccfd4996cb3dc -> 
  custom:container-muxer-webm: aa71ff27fc2769a1b78a27578f13a17b -> 
  custom:container-demuxer-webm: 4f35f7cbe854078d1ac9338744f61a02 -> 
  custom:video-encoder-webm-vp8: eb34c28f22e8b96e1ab97ce403110664 -> 
  custom:audio-encoder-webm-vorbis: bf7c407c2cedff20999df2af8eb42d56 -> 
  custom:framework-win-MediaFoundation: 216162199b28c13a410421893ffa2e32 -> 
  custom:container-demuxer-ogg: 62fdf1f143b41e24485cea50d1cbac27 -> 
  custom:video-decoder-webm-vp8: 9c59270c3fd7afecdb556c50c9e8de78 -> 
  custom:audio-decoder-ogg-vorbis: bf7c407c2cedff20999df2af8eb42d56 -> 
========================================================================
Received Import Request.
  Time since last request: 801185.697217 seconds.
  path: Assets/_Udemy Card Battler Assets/Art/Card Art/Template/Template de Psíquico.png
  artifactKey: Guid(1970f9dc266b9a24c81f9f44ac1a05c3) Importer(815301076,1909f56bfc062723c751e8b465ee728b)
Start importing Assets/_Udemy Card Battler Assets/Art/Card Art/Template/Template de Psíquico.png using Guid(1970f9dc266b9a24c81f9f44ac1a05c3) Importer(815301076,1909f56bfc062723c751e8b465ee728b)  -> (artifact id: 'b874ebf9a61d622ebc44fd6f978e53f9') in 0.246653 seconds 
========================================================================
Received Import Request.
  Time since last request: 1585.716623 seconds.
  path: Assets/_Udemy Card Battler Assets/Art/Gradient.png
  artifactKey: Guid(c394815921f223b41b6fd5bc0029c708) Importer(815301076,1909f56bfc062723c751e8b465ee728b)
Start importing Assets/_Udemy Card Battler Assets/Art/Gradient.png using Guid(c394815921f223b41b6fd5bc0029c708) Importer(815301076,1909f56bfc062723c751e8b465ee728b)  -> (artifact id: '3afee8211e1b256abff2890945bc751e') in 0.080757 seconds 
========================================================================
Received Import Request.
  Time since last request: 537.725365 seconds.
  path: Assets/Prefabs/Enemy Card Variant.prefab
  artifactKey: Guid(f9c1de2d67101614c8c0c0b71a03913e) Importer(815301076,1909f56bfc062723c751e8b465ee728b)
Start importing Assets/Prefabs/Enemy Card Variant.prefab using Guid(f9c1de2d67101614c8c0c0b71a03913e) Importer(815301076,1909f56bfc062723c751e8b465ee728b)  -> (artifact id: '1943a555f7d25e0b4c0ffe7c9bf10335') in 0.549451 seconds 
========================================================================
Received Import Request.
  Time since last request: 283.130036 seconds.
  path: Assets/Prefabs/Enemy Card Variant.prefab
  artifactKey: Guid(f9c1de2d67101614c8c0c0b71a03913e) Importer(815301076,1909f56bfc062723c751e8b465ee728b)
Start importing Assets/Prefabs/Enemy Card Variant.prefab using Guid(f9c1de2d67101614c8c0c0b71a03913e) Importer(815301076,1909f56bfc062723c751e8b465ee728b)  -> (artifact id: 'b2a07582a28a597e1a84f220e1b80a1d') in 0.138536 seconds 
========================================================================
Received Import Request.
  Time since last request: 3.672371 seconds.
  path: Assets/Prefabs/Enemy Card Variant.prefab
  artifactKey: Guid(f9c1de2d67101614c8c0c0b71a03913e) Importer(815301076,1909f56bfc062723c751e8b465ee728b)
Start importing Assets/Prefabs/Enemy Card Variant.prefab using Guid(f9c1de2d67101614c8c0c0b71a03913e) Importer(815301076,1909f56bfc062723c751e8b465ee728b)  -> (artifact id: 'f235e619458cbb6af87111571c60383f') in 0.118361 seconds 
========================================================================
Received Import Request.
  Time since last request: 17.486996 seconds.
  path: Assets/Prefabs/Enemy Card Variant.prefab
  artifactKey: Guid(f9c1de2d67101614c8c0c0b71a03913e) Importer(815301076,1909f56bfc062723c751e8b465ee728b)
Start importing Assets/Prefabs/Enemy Card Variant.prefab using Guid(f9c1de2d67101614c8c0c0b71a03913e) Importer(815301076,1909f56bfc062723c751e8b465ee728b)  -> (artifact id: 'dec472c80d817854b6730990a3d41b80') in 0.103875 seconds 
========================================================================
Received Import Request.
  Time since last request: 8.149186 seconds.
  path: Assets/Prefabs/Enemy Card Variant.prefab
  artifactKey: Guid(f9c1de2d67101614c8c0c0b71a03913e) Importer(815301076,1909f56bfc062723c751e8b465ee728b)
Start importing Assets/Prefabs/Enemy Card Variant.prefab using Guid(f9c1de2d67101614c8c0c0b71a03913e) Importer(815301076,1909f56bfc062723c751e8b465ee728b)  -> (artifact id: '11fd90ebfb296280d5377a4aaaf850b6') in 0.112768 seconds 
========================================================================
Received Import Request.
  Time since last request: 10.373721 seconds.
  path: Assets/Prefabs/Enemy Card Variant.prefab
  artifactKey: Guid(f9c1de2d67101614c8c0c0b71a03913e) Importer(815301076,1909f56bfc062723c751e8b465ee728b)
Start importing Assets/Prefabs/Enemy Card Variant.prefab using Guid(f9c1de2d67101614c8c0c0b71a03913e) Importer(815301076,1909f56bfc062723c751e8b465ee728b)  -> (artifact id: 'd55d8b1f691f9c336d7bf3723f2ff129') in 0.110500 seconds 
========================================================================
Received Import Request.
  Time since last request: 10.122111 seconds.
  path: Assets/Prefabs/Enemy Card Variant.prefab
  artifactKey: Guid(f9c1de2d67101614c8c0c0b71a03913e) Importer(815301076,1909f56bfc062723c751e8b465ee728b)
Start importing Assets/Prefabs/Enemy Card Variant.prefab using Guid(f9c1de2d67101614c8c0c0b71a03913e) Importer(815301076,1909f56bfc062723c751e8b465ee728b)  -> (artifact id: 'e7364578343ac68a8b5bb109735889ef') in 0.100976 seconds 
========================================================================
Received Import Request.
  Time since last request: 11.606892 seconds.
  path: Assets/Prefabs/Enemy Card Variant.prefab
  artifactKey: Guid(f9c1de2d67101614c8c0c0b71a03913e) Importer(815301076,1909f56bfc062723c751e8b465ee728b)
Start importing Assets/Prefabs/Enemy Card Variant.prefab using Guid(f9c1de2d67101614c8c0c0b71a03913e) Importer(815301076,1909f56bfc062723c751e8b465ee728b)  -> (artifact id: 'bea950533349a0ad2191c497ed93638f') in 0.111891 seconds 
========================================================================
Received Import Request.
  Time since last request: 6.545187 seconds.
  path: Assets/Prefabs/Enemy Card Variant.prefab
  artifactKey: Guid(f9c1de2d67101614c8c0c0b71a03913e) Importer(815301076,1909f56bfc062723c751e8b465ee728b)
Start importing Assets/Prefabs/Enemy Card Variant.prefab using Guid(f9c1de2d67101614c8c0c0b71a03913e) Importer(815301076,1909f56bfc062723c751e8b465ee728b)  -> (artifact id: 'e0625aa9a2ab8be103a6f273e4630ad9') in 0.124572 seconds 
========================================================================
Received Import Request.
  Time since last request: 8.143787 seconds.
  path: Assets/Prefabs/Enemy Card Variant.prefab
  artifactKey: Guid(f9c1de2d67101614c8c0c0b71a03913e) Importer(815301076,1909f56bfc062723c751e8b465ee728b)
Start importing Assets/Prefabs/Enemy Card Variant.prefab using Guid(f9c1de2d67101614c8c0c0b71a03913e) Importer(815301076,1909f56bfc062723c751e8b465ee728b)  -> (artifact id: 'd47c19bfe9150d9a3756832c50be42f1') in 0.116574 seconds 
========================================================================
Received Import Request.
  Time since last request: 6.952220 seconds.
  path: Assets/Prefabs/Enemy Card Variant.prefab
  artifactKey: Guid(f9c1de2d67101614c8c0c0b71a03913e) Importer(815301076,1909f56bfc062723c751e8b465ee728b)
Start importing Assets/Prefabs/Enemy Card Variant.prefab using Guid(f9c1de2d67101614c8c0c0b71a03913e) Importer(815301076,1909f56bfc062723c751e8b465ee728b)  -> (artifact id: '1aa918f8a19453b646c42a9dd0728787') in 0.107866 seconds 
========================================================================
Received Import Request.
  Time since last request: 11.871536 seconds.
  path: Assets/Prefabs/Enemy Card Variant.prefab
  artifactKey: Guid(f9c1de2d67101614c8c0c0b71a03913e) Importer(815301076,1909f56bfc062723c751e8b465ee728b)
Start importing Assets/Prefabs/Enemy Card Variant.prefab using Guid(f9c1de2d67101614c8c0c0b71a03913e) Importer(815301076,1909f56bfc062723c751e8b465ee728b)  -> (artifact id: 'b1fb6c84ff45473d0a77dc66bc351d25') in 0.120968 seconds 
========================================================================
Received Import Request.
  Time since last request: 6.399787 seconds.
  path: Assets/Prefabs/Enemy Card Variant.prefab
  artifactKey: Guid(f9c1de2d67101614c8c0c0b71a03913e) Importer(815301076,1909f56bfc062723c751e8b465ee728b)
Start importing Assets/Prefabs/Enemy Card Variant.prefab using Guid(f9c1de2d67101614c8c0c0b71a03913e) Importer(815301076,1909f56bfc062723c751e8b465ee728b)  -> (artifact id: '6f521dd95e312cd35f76a8a0c202cacf') in 0.126696 seconds 
========================================================================
Received Import Request.
  Time since last request: 8.751269 seconds.
  path: Assets/Prefabs/Enemy Card Variant.prefab
  artifactKey: Guid(f9c1de2d67101614c8c0c0b71a03913e) Importer(815301076,1909f56bfc062723c751e8b465ee728b)
Start importing Assets/Prefabs/Enemy Card Variant.prefab using Guid(f9c1de2d67101614c8c0c0b71a03913e) Importer(815301076,1909f56bfc062723c751e8b465ee728b)  -> (artifact id: 'a058a5b28e79828b137503c773a8820e') in 0.141562 seconds 
========================================================================
Received Import Request.
  Time since last request: 6.912248 seconds.
  path: Assets/Prefabs/Enemy Card Variant.prefab
  artifactKey: Guid(f9c1de2d67101614c8c0c0b71a03913e) Importer(815301076,1909f56bfc062723c751e8b465ee728b)
Start importing Assets/Prefabs/Enemy Card Variant.prefab using Guid(f9c1de2d67101614c8c0c0b71a03913e) Importer(815301076,1909f56bfc062723c751e8b465ee728b)  -> (artifact id: '71c2424915c2869d90acc11c25c03fcc') in 0.112258 seconds 
========================================================================
Received Import Request.
  Time since last request: 15.631606 seconds.
  path: Assets/Prefabs/Enemy Card Variant.prefab
  artifactKey: Guid(f9c1de2d67101614c8c0c0b71a03913e) Importer(815301076,1909f56bfc062723c751e8b465ee728b)
Start importing Assets/Prefabs/Enemy Card Variant.prefab using Guid(f9c1de2d67101614c8c0c0b71a03913e) Importer(815301076,1909f56bfc062723c751e8b465ee728b)  -> (artifact id: 'dc8334e138f4750e78738b83a1123c97') in 0.107761 seconds 
========================================================================
Received Import Request.
  Time since last request: 8.393824 seconds.
  path: Assets/Prefabs/Enemy Card Variant.prefab
  artifactKey: Guid(f9c1de2d67101614c8c0c0b71a03913e) Importer(815301076,1909f56bfc062723c751e8b465ee728b)
Start importing Assets/Prefabs/Enemy Card Variant.prefab using Guid(f9c1de2d67101614c8c0c0b71a03913e) Importer(815301076,1909f56bfc062723c751e8b465ee728b)  -> (artifact id: '11068bec813fb519f8a13efa4eb53666') in 0.111448 seconds 
========================================================================
Received Import Request.
  Time since last request: 0.874733 seconds.
  path: Assets/Prefabs/Enemy Card Variant.prefab
  artifactKey: Guid(f9c1de2d67101614c8c0c0b71a03913e) Importer(815301076,1909f56bfc062723c751e8b465ee728b)
Start importing Assets/Prefabs/Enemy Card Variant.prefab using Guid(f9c1de2d67101614c8c0c0b71a03913e) Importer(815301076,1909f56bfc062723c751e8b465ee728b)  -> (artifact id: '088b06043668a2ec4993e1ad593a4ff4') in 0.114638 seconds 
========================================================================
Received Import Request.
  Time since last request: 3.128375 seconds.
  path: Assets/Prefabs/Enemy Card Variant.prefab
  artifactKey: Guid(f9c1de2d67101614c8c0c0b71a03913e) Importer(815301076,1909f56bfc062723c751e8b465ee728b)
Start importing Assets/Prefabs/Enemy Card Variant.prefab using Guid(f9c1de2d67101614c8c0c0b71a03913e) Importer(815301076,1909f56bfc062723c751e8b465ee728b)  -> (artifact id: '6222eacbe4158111e0a226a48c24362f') in 0.112087 seconds 
========================================================================
Received Import Request.
  Time since last request: 3.906425 seconds.
  path: Assets/Prefabs/Enemy Card Variant.prefab
  artifactKey: Guid(f9c1de2d67101614c8c0c0b71a03913e) Importer(815301076,1909f56bfc062723c751e8b465ee728b)
Start importing Assets/Prefabs/Enemy Card Variant.prefab using Guid(f9c1de2d67101614c8c0c0b71a03913e) Importer(815301076,1909f56bfc062723c751e8b465ee728b)  -> (artifact id: 'ef885a4bc4e4a08997d653bead16649f') in 0.103363 seconds 
========================================================================
Received Import Request.
  Time since last request: 2.722778 seconds.
  path: Assets/Prefabs/Enemy Card Variant.prefab
  artifactKey: Guid(f9c1de2d67101614c8c0c0b71a03913e) Importer(815301076,1909f56bfc062723c751e8b465ee728b)
Start importing Assets/Prefabs/Enemy Card Variant.prefab using Guid(f9c1de2d67101614c8c0c0b71a03913e) Importer(815301076,1909f56bfc062723c751e8b465ee728b)  -> (artifact id: '486683aa3d1dd868c22a493181637bdd') in 0.116401 seconds 
========================================================================
Received Import Request.
  Time since last request: 5.131697 seconds.
  path: Assets/Prefabs/Enemy Card Variant.prefab
  artifactKey: Guid(f9c1de2d67101614c8c0c0b71a03913e) Importer(815301076,1909f56bfc062723c751e8b465ee728b)
Start importing Assets/Prefabs/Enemy Card Variant.prefab using Guid(f9c1de2d67101614c8c0c0b71a03913e) Importer(815301076,1909f56bfc062723c751e8b465ee728b)  -> (artifact id: '45f9407caf596d265d519d5ca770f99d') in 0.106541 seconds 
========================================================================
Received Import Request.
  Time since last request: 4.538701 seconds.
  path: Assets/Prefabs/Enemy Card Variant.prefab
  artifactKey: Guid(f9c1de2d67101614c8c0c0b71a03913e) Importer(815301076,1909f56bfc062723c751e8b465ee728b)
Start importing Assets/Prefabs/Enemy Card Variant.prefab using Guid(f9c1de2d67101614c8c0c0b71a03913e) Importer(815301076,1909f56bfc062723c751e8b465ee728b)  -> (artifact id: '7a1252786faecbfba95a2bd3352a43da') in 0.123726 seconds 
========================================================================
Received Import Request.
  Time since last request: 10.353286 seconds.
  path: Assets/Prefabs/Enemy Card Variant.prefab
  artifactKey: Guid(f9c1de2d67101614c8c0c0b71a03913e) Importer(815301076,1909f56bfc062723c751e8b465ee728b)
Start importing Assets/Prefabs/Enemy Card Variant.prefab using Guid(f9c1de2d67101614c8c0c0b71a03913e) Importer(815301076,1909f56bfc062723c751e8b465ee728b)  -> (artifact id: '2d474f8e9f0f9eb4b9b1784373d15b9d') in 0.126863 seconds 
========================================================================
Received Import Request.
  Time since last request: 11.176134 seconds.
  path: Assets/Prefabs/Enemy Card Variant.prefab
  artifactKey: Guid(f9c1de2d67101614c8c0c0b71a03913e) Importer(815301076,1909f56bfc062723c751e8b465ee728b)
Start importing Assets/Prefabs/Enemy Card Variant.prefab using Guid(f9c1de2d67101614c8c0c0b71a03913e) Importer(815301076,1909f56bfc062723c751e8b465ee728b)  -> (artifact id: 'b348b55b7c16d97a33ad966d6caddfad') in 0.115416 seconds 
========================================================================
Received Import Request.
  Time since last request: 1493.218297 seconds.
  path: Assets/_Udemy Card Battler Assets/Card Model/Card_Back.mat
  artifactKey: Guid(0b1af1fbf0ed58e4ab108153bd55c0da) Importer(815301076,1909f56bfc062723c751e8b465ee728b)
Start importing Assets/_Udemy Card Battler Assets/Card Model/Card_Back.mat using Guid(0b1af1fbf0ed58e4ab108153bd55c0da) Importer(815301076,1909f56bfc062723c751e8b465ee728b)  -> (artifact id: 'c62dd695be22501552af38ced006cd81') in 0.065293 seconds 
========================================================================
Received Import Request.
  Time since last request: 0.000034 seconds.
  path: Assets/_Udemy Card Battler Assets/Card Model/Card_Front.mat
  artifactKey: Guid(a5f0f55354e58fb498b6f0beaed8e485) Importer(815301076,1909f56bfc062723c751e8b465ee728b)
Start importing Assets/_Udemy Card Battler Assets/Card Model/Card_Front.mat using Guid(a5f0f55354e58fb498b6f0beaed8e485) Importer(815301076,1909f56bfc062723c751e8b465ee728b)  -> (artifact id: '0c458373faa1f4a7abf83d279e423747') in 0.020519 seconds 
========================================================================
Received Import Request.
  Time since last request: 583.965729 seconds.
  path: Assets/Prefabs/Level Essentials/Card Points Controller.prefab
  artifactKey: Guid(003070a6388a85741bcc1dfc05ec5b6a) Importer(815301076,1909f56bfc062723c751e8b465ee728b)
Start importing Assets/Prefabs/Level Essentials/Card Points Controller.prefab using Guid(003070a6388a85741bcc1dfc05ec5b6a) Importer(815301076,1909f56bfc062723c751e8b465ee728b)  -> (artifact id: 'cdae7c5d62cdb7376cf247d60357f10e') in 0.042879 seconds 
========================================================================
Received Import Request.
  Time since last request: 0.000038 seconds.
  path: Assets/Prefabs/Level Essentials/Enemy Controller.prefab
  artifactKey: Guid(57666248cf82e5c4ba9a78b49d078b73) Importer(815301076,1909f56bfc062723c751e8b465ee728b)
Start importing Assets/Prefabs/Level Essentials/Enemy Controller.prefab using Guid(57666248cf82e5c4ba9a78b49d078b73) Importer(815301076,1909f56bfc062723c751e8b465ee728b)  -> (artifact id: '8583c7d53ed34e96194dbaf3972c345b') in 0.065524 seconds 
========================================================================
Received Import Request.
  Time since last request: 0.000030 seconds.
  path: Assets/Prefabs/Level Essentials/UI Canvas.prefab
  artifactKey: Guid(c6ebd209c29870d4e890ed0940a180ee) Importer(815301076,1909f56bfc062723c751e8b465ee728b)
Start importing Assets/Prefabs/Level Essentials/UI Canvas.prefab using Guid(c6ebd209c29870d4e890ed0940a180ee) Importer(815301076,1909f56bfc062723c751e8b465ee728b)  -> (artifact id: '8dfd9688679ab25cba70893afb167df9') in 0.141797 seconds 
========================================================================
Received Import Request.
  Time since last request: 9678.134291 seconds.
  path: Assets/Cards/Ocukrak.asset
  artifactKey: Guid(5603ca9f2ed96b746a04ffbf32060118) Importer(815301076,1909f56bfc062723c751e8b465ee728b)
Start importing Assets/Cards/Ocukrak.asset using Guid(5603ca9f2ed96b746a04ffbf32060118) Importer(815301076,1909f56bfc062723c751e8b465ee728b)  -> (artifact id: 'cadb24c4363d1f4316bb29bd118f2b87') in 0.039198 seconds 
========================================================================
Received Import Request.
  Time since last request: 0.000436 seconds.
  path: Assets/Cards/z6 Planta 2.asset
  artifactKey: Guid(5cb89cf5454ac1f4498f622c2ab6956b) Importer(815301076,1909f56bfc062723c751e8b465ee728b)
Start importing Assets/Cards/z6 Planta 2.asset using Guid(5cb89cf5454ac1f4498f622c2ab6956b) Importer(815301076,1909f56bfc062723c751e8b465ee728b)  -> (artifact id: '125247cf632fe324237bf8f67d7e7ca0') in 0.012428 seconds 
========================================================================
Received Import Request.
  Time since last request: 0.000041 seconds.
  path: Assets/Cards/Thalacora.asset
  artifactKey: Guid(607ddcd99ccaaee48aff7df947fb17de) Importer(815301076,1909f56bfc062723c751e8b465ee728b)
Start importing Assets/Cards/Thalacora.asset using Guid(607ddcd99ccaaee48aff7df947fb17de) Importer(815301076,1909f56bfc062723c751e8b465ee728b)  -> (artifact id: '669ccf406cf24a9032c0dd71bf198afa') in 0.011586 seconds 
========================================================================
Received Import Request.
  Time since last request: 0.000034 seconds.
  path: Assets/Cards/z2 Planta 1.asset
  artifactKey: Guid(8db397a96b6f8b04caafba7f82a069cd) Importer(815301076,1909f56bfc062723c751e8b465ee728b)
Start importing Assets/Cards/z2 Planta 1.asset using Guid(8db397a96b6f8b04caafba7f82a069cd) Importer(815301076,1909f56bfc062723c751e8b465ee728b)  -> (artifact id: '1d3ff73fa242946a732f624b87ad989c') in 0.010150 seconds 
========================================================================
Received Import Request.
  Time since last request: 0.000060 seconds.
  path: Assets/Cards/z1 Fogo 1.asset
  artifactKey: Guid(a9d54b8f733b3c8439b43e3f0c42338b) Importer(815301076,1909f56bfc062723c751e8b465ee728b)
Start importing Assets/Cards/z1 Fogo 1.asset using Guid(a9d54b8f733b3c8439b43e3f0c42338b) Importer(815301076,1909f56bfc062723c751e8b465ee728b)  -> (artifact id: '9741a722387e0fc62ca88a42e2d4d623') in 0.012527 seconds 
========================================================================
Received Import Request.
  Time since last request: 0.000065 seconds.
  path: Assets/Cards/z9 Sombra 2.asset
  artifactKey: Guid(86f4d3ac7f90647419e6e869c8cb589f) Importer(815301076,1909f56bfc062723c751e8b465ee728b)
Start importing Assets/Cards/z9 Sombra 2.asset using Guid(86f4d3ac7f90647419e6e869c8cb589f) Importer(815301076,1909f56bfc062723c751e8b465ee728b)  -> (artifact id: '7d9dac6a9e76e919fd264cb4433f7075') in 0.009963 seconds 
========================================================================
Received Import Request.
  Time since last request: 0.000032 seconds.
  path: Assets/Cards/z7 Psíquico 2.asset
  artifactKey: Guid(1118dc3231b4e4f4abc7b440c1f60167) Importer(815301076,1909f56bfc062723c751e8b465ee728b)
Start importing Assets/Cards/z7 Psíquico 2.asset using Guid(1118dc3231b4e4f4abc7b440c1f60167) Importer(815301076,1909f56bfc062723c751e8b465ee728b)  -> (artifact id: '7ce8991b5719580dd32c2d19f62f6533') in 0.008882 seconds 
========================================================================
Received Import Request.
  Time since last request: 0.000030 seconds.
  path: Assets/Cards/z3 Luz 1.asset
  artifactKey: Guid(5d54b98afc325664ea770c628789beaf) Importer(815301076,1909f56bfc062723c751e8b465ee728b)
Start importing Assets/Cards/z3 Luz 1.asset using Guid(5d54b98afc325664ea770c628789beaf) Importer(815301076,1909f56bfc062723c751e8b465ee728b)  -> (artifact id: '7934a927d1e8c81d3776e8b4a6c05014') in 0.010472 seconds 
========================================================================
Received Import Request.
  Time since last request: 0.000029 seconds.
  path: Assets/Cards/z8 Luz 2.asset
  artifactKey: Guid(d8f8f0ff4b21c0e47bf4783b80f26699) Importer(815301076,1909f56bfc062723c751e8b465ee728b)
Start importing Assets/Cards/z8 Luz 2.asset using Guid(d8f8f0ff4b21c0e47bf4783b80f26699) Importer(815301076,1909f56bfc062723c751e8b465ee728b)  -> (artifact id: '8fad60efa80a30e118a9d0693db64650') in 0.026525 seconds 
Editor requested this worker to shutdown with reason: Scaling down because of idle timeout
AssetImportWorker is now disconnected from the server
Process exiting
Exiting without the bug reporter. Application will terminate with return code 0